Using pre-set license
Built from '2020.3/release' branch; Version is '2020.3.7f1 (dd97f2c94397) revision 14522354'; Using compiler version '192528614'; Build Type 'Release'
OS: 'Windows 10 Enterprise; OS build 18363.1977; Version 1909; 64bit' Language: 'ru' Physical Memory: 8124 MB
BatchMode: 1, IsHumanControllingUs: 0, StartBugReporterOnCrash: 0, Is64bit: 1, IsPro: 0

 COMMAND LINE ARGUMENTS:
D:\Unity exodus\2020.3.7f1\Editor\Unity.exe
-adb2
-batchMode
-noUpm
-name
AssetImportWorker0
-projectPath
D:/GAme/Unity/Unity исходка/Игры/The legends
-logFile
Logs/AssetImportWorker0.log
-srvPort
52323
Successfully changed project path to: D:/GAme/Unity/Unity исходка/Игры/The legends
D:/GAme/Unity/Unity исходка/Игры/The legends
Using Asset Import Pipeline V2.
Refreshing native plugins compatible for Editor in 24.55 ms, found 0 plugins.
Preloading 0 native plugins for Editor in 0.00 ms.
Initialize engine version: 2020.3.7f1 (dd97f2c94397)
[Subsystems] Discovering subsystems at path D:/Unity exodus/2020.3.7f1/Editor/Data/Resources/UnitySubsystems
[Subsystems] Discovering subsystems at path D:/GAme/Unity/Unity исходка/Игры/The legends/Assets
GfxDevice: creating device client; threaded=0
Direct3D:
    Version:  Direct3D 11.0 [level 11.1]
    Renderer: NVIDIA GeForce GTX 1060 3GB (ID=0x1c02)
    Vendor:   
    VRAM:     2988 MB
    Driver:   30.0.15.1179
Initialize mono
Mono path[0] = 'D:/Unity exodus/2020.3.7f1/Editor/Data/Managed'
Mono path[1] = 'D:/Unity exodus/2020.3.7f1/Editor/Data/MonoBleedingEdge/lib/mono/unityjit'
Mono config path = 'D:/Unity exodus/2020.3.7f1/Editor/Data/MonoBleedingEdge/etc'
Using monoOptions --debugger-agent=transport=dt_socket,embedding=1,server=y,suspend=n,address=127.0.0.1:56104
Begin MonoManager ReloadAssembly
Registering precompiled unity dll's ...
Register platform support module: D:/Unity exodus/2020.3.7f1/Editor/Data/PlaybackEngines/WindowsStandaloneSupport/UnityEditor.WindowsStandalone.Extensions.dll
Registered in 0.001191 seconds.
Native extension for WindowsStandalone target not found
Refreshing native plugins compatible for Editor in 25.03 ms, found 0 plugins.
Preloading 0 native plugins for Editor in 0.00 ms.
Mono: successfully reloaded assembly
- Completed reload, in  2.507 seconds
Platform modules already initialized, skipping
Registering precompiled user dll's ...
Registered in 0.000750 seconds.
Begin MonoManager ReloadAssembly
Native extension for WindowsStandalone target not found
Refreshing native plugins compatible for Editor in 0.21 ms, found 0 plugins.
Preloading 0 native plugins for Editor in 0.00 ms.
Mono: successfully reloaded assembly
- Completed reload, in  0.877 seconds
Platform modules already initialized, skipping
========================================================================
Worker process is ready to serve import requests
Launched and connected shader compiler UnityShaderCompiler.exe after 0.04 seconds
Refreshing native plugins compatible for Editor in 0.35 ms, found 0 plugins.
Preloading 0 native plugins for Editor in 0.00 ms.
Unloading 1133 Unused Serialized files (Serialized files now loaded: 0)
System memory in use before: 73.8 MB.
System memory in use after: 73.9 MB.

Unloading 10 unused Assets to reduce memory usage. Loaded Objects now: 1598.
Total: 2.756600 ms (FindLiveObjects: 0.237600 ms CreateObjectMapping: 0.049400 ms MarkObjects: 2.268400 ms  DeleteObjects: 0.199100 ms)

========================================================================
Received Import Request.
  path: Assets/Scripts/Finish.cs
  artifactKey: Guid(637620aff1e17204e8e6620c9c13516d) Importer(815301076,1909f56bfc062723c751e8b465ee728b)
Start importing Assets/Scripts/Finish.cs using Guid(637620aff1e17204e8e6620c9c13516d) Importer(815301076,1909f56bfc062723c751e8b465ee728b)  -> (artifact id: 'e0d08f501a6f60512cc64250b102193a') in 0.550617 seconds
  Import took 0.582624 seconds .

========================================================================
Received Prepare
Registering precompiled user dll's ...
Registered in 0.000725 seconds.
Begin MonoManager ReloadAssembly
Native extension for WindowsStandalone target not found
Refreshing native plugins compatible for Editor in 0.34 ms, found 0 plugins.
Preloading 0 native plugins for Editor in 0.00 ms.
Mono: successfully reloaded assembly
- Completed reload, in  0.965 seconds
Platform modules already initialized, skipping
Refreshing native plugins compatible for Editor in 0.45 ms, found 0 plugins.
Preloading 0 native plugins for Editor in 0.00 ms.
Unloading 1115 Unused Serialized files (Serialized files now loaded: 0)
System memory in use before: 72.5 MB.
System memory in use after: 72.5 MB.

Unloading 5 unused Assets to reduce memory usage. Loaded Objects now: 1601.
Total: 5.235400 ms (FindLiveObjects: 0.443700 ms CreateObjectMapping: 0.151700 ms MarkObjects: 4.441100 ms  DeleteObjects: 0.144100 ms)

========================================================================
Received Import Request.
  Time since last request: 103.809380 seconds.
  path: Assets/Scripts/Timer_Points.cs
  artifactKey: Guid(871699d88950e164c9bc578d42cd59a7) Importer(815301076,1909f56bfc062723c751e8b465ee728b)
Start importing Assets/Scripts/Timer_Points.cs using Guid(871699d88950e164c9bc578d42cd59a7) Importer(815301076,1909f56bfc062723c751e8b465ee728b)  -> (artifact id: '4763e38684a403da8d9ab656626b6ea6') in 0.009975 seconds
  Import took 0.038247 seconds .

========================================================================
Received Prepare
Registering precompiled user dll's ...
Registered in 0.057027 seconds.
Begin MonoManager ReloadAssembly
Native extension for WindowsStandalone target not found
Refreshing native plugins compatible for Editor in 0.22 ms, found 0 plugins.
Preloading 0 native plugins for Editor in 0.00 ms.
Mono: successfully reloaded assembly
- Completed reload, in  5.148 seconds
Platform modules already initialized, skipping
Refreshing native plugins compatible for Editor in 0.28 ms, found 0 plugins.
Preloading 0 native plugins for Editor in 0.00 ms.
Unloading 1115 Unused Serialized files (Serialized files now loaded: 0)
System memory in use before: 72.5 MB.
System memory in use after: 72.6 MB.

Unloading 5 unused Assets to reduce memory usage. Loaded Objects now: 1604.
Total: 1.809200 ms (FindLiveObjects: 0.143800 ms CreateObjectMapping: 0.029100 ms MarkObjects: 1.518500 ms  DeleteObjects: 0.116800 ms)

========================================================================
Received Import Request.
  Time since last request: 362.465260 seconds.
  path: Assets/Car.prefab
  artifactKey: Guid(c3569faa15b247b41a8f9fe3ca6ffc4d) Importer(815301076,1909f56bfc062723c751e8b465ee728b)
Start importing Assets/Car.prefab using Guid(c3569faa15b247b41a8f9fe3ca6ffc4d) Importer(815301076,1909f56bfc062723c751e8b465ee728b)  -> (artifact id: '1ccf19de41610c87a88e66f957c3e078') in 0.284103 seconds
  Import took 0.312047 seconds .

========================================================================
Received Import Request.
  Time since last request: 2284.029463 seconds.
  path: Assets/Scripts/Car.cs
  artifactKey: Guid(cf7f4fc04287b1f4c9ad0c7e8adbd8a1) Importer(815301076,1909f56bfc062723c751e8b465ee728b)
Start importing Assets/Scripts/Car.cs using Guid(cf7f4fc04287b1f4c9ad0c7e8adbd8a1) Importer(815301076,1909f56bfc062723c751e8b465ee728b)  -> (artifact id: '9d5f0c0148fda0aec22359404c27591a') in 0.007814 seconds
  Import took 0.020638 seconds .

========================================================================
Received Prepare
Registering precompiled user dll's ...
Registered in 0.000787 seconds.
Begin MonoManager ReloadAssembly
Native extension for WindowsStandalone target not found
Refreshing native plugins compatible for Editor in 0.23 ms, found 0 plugins.
Preloading 0 native plugins for Editor in 0.00 ms.
Mono: successfully reloaded assembly
- Completed reload, in  0.888 seconds
Platform modules already initialized, skipping
Refreshing native plugins compatible for Editor in 0.26 ms, found 0 plugins.
Preloading 0 native plugins for Editor in 0.00 ms.
Unloading 1115 Unused Serialized files (Serialized files now loaded: 0)
System memory in use before: 75.6 MB.
System memory in use after: 75.7 MB.

Unloading 5 unused Assets to reduce memory usage. Loaded Objects now: 1614.
Total: 2.713600 ms (FindLiveObjects: 0.192700 ms CreateObjectMapping: 0.029100 ms MarkObjects: 2.360300 ms  DeleteObjects: 0.130000 ms)

AssetImportWorkerClient::OnTransportError - code=2 error=End of file
